*** Fatal Error ***
Address not mapped to object (signal 11)
Address: 0x8

System: Linux en4119718l 4.4.0-119-generic #143-Ubuntu SMP Mon Apr 2 16:08:24 UTC 2018 x86_64 x86_64 x86_64 GNU/Linux

ViZDoom version 1.1.4 (ZDOOM 2.8.1) ()
Compiler version: 5.4.0 20160609

Command line: /usr/local/lib/python3.5/dist-packages/vizdoom/vizdoom -iwad /usr/local/lib/python3.5/dist-packages/vizdoom/freedoom2.wad -config _vizdoom.ini -skill 3 -width 640 -height 480 +vid_aspect 3 +fullscreen 0 +viz_controlled 1 +viz_instance_id 7ekklDc9I1 +viz_async 1 +use_mouse 0 -rngseed 2534604178 +viz_render_mode 3653 +viz_noconsole 1 +viz_screen_format 8 -noidle -nojoy -nosound +viz_nosound 1 -file scenarios/defend_the_center.wad

Wad 0: vizdoom.pk3
Wad 1: freedoom2.wad
Wad 2: defend_the_center.wad

Not in a level.

Executing: gdb --quiet --batch --command=gdb-respfile-1vkOb5
[New LWP 4654]
[Thread debugging using libthread_db enabled]
Using host libthread_db library "/lib/x86_64-linux-gnu/libthread_db.so.1".
0x00007fe180cd5f7b in __waitpid (pid=4672, stat_loc=0xbeacac, options=0) at ../sysdeps/unix/sysv/linux/waitpid.c:29

* Loaded Libraries
From                To                  Syms Read   Shared Object Library
0x00007fe1817c2f80  0x00007fe181a1c01e  Yes (*)     /usr/lib/x86_64-linux-gnu/libgtk-x11-2.0.so.0
0x00007fe181510f00  0x00007fe1815418f6  Yes (*)     /usr/lib/x86_64-linux-gnu/libgobject-2.0.so.0
0x00007fe18120f860  0x00007fe1812867b9  Yes (*)     /lib/x86_64-linux-gnu/libglib-2.0.so.0
0x00007fe180efb110  0x00007fe180fb12e0  Yes (*)     /usr/lib/x86_64-linux-gnu/libSDL2-2.0.so.0
0x00007fe180ccaa30  0x00007fe180cd7a51  Yes         /lib/x86_64-linux-gnu/libpthread.so.0
0x00007fe180abf100  0x00007fe180ac21df  Yes         /lib/x86_64-linux-gnu/librt.so.1
0x00007fe1808a4db0  0x00007fe1808b5810  Yes (*)     /lib/x86_64-linux-gnu/libz.so.1
0x00007fe18064dd50  0x00007fe180687e80  Yes (*)     /usr/lib/x86_64-linux-gnu/libjpeg.so.8
0x00007fe18043b3c0  0x00007fe180447092  Yes (*)     /lib/x86_64-linux-gnu/libbz2.so.1.0
0x00007fe180223cf0  0x00007fe1802329bf  Yes (*)     /usr/lib/x86_64-linux-gnu/libboost_thread.so.1.58.0
0x00007fe180010ff0  0x00007fe180011c66  Yes (*)     /usr/lib/x86_64-linux-gnu/libboost_system.so.1.58.0
0x00007fe17fe0cda0  0x00007fe17fe0d98e  Yes         /lib/x86_64-linux-gnu/libdl.so.2
0x00007fe17fb13d20  0x00007fe17fbbfcc9  Yes (*)     /usr/lib/x86_64-linux-gnu/libstdc++.so.6
0x00007fe17f786600  0x00007fe17f7f7d0a  Yes         /lib/x86_64-linux-gnu/libm.so.6
0x00007fe17f56da70  0x00007fe17f57d8b5  Yes (*)     /lib/x86_64-linux-gnu/libgcc_s.so.1
0x00007fe17f1c08b0  0x00007fe17f313b04  Yes         /lib/x86_64-linux-gnu/libc.so.6
0x00007fe17ef09950  0x00007fe17ef6075b  Yes (*)     /usr/lib/x86_64-linux-gnu/libgdk-x11-2.0.so.0
0x00007fe17ece9170  0x00007fe17ecea075  Yes (*)     /usr/lib/x86_64-linux-gnu/libgmodule-2.0.so.0
0x00007fe17eadf980  0x00007fe17eae4746  Yes (*)     /usr/lib/x86_64-linux-gnu/libpangocairo-1.0.so.0
0x00007fe17e7b9870  0x00007fe17e8412e4  Yes (*)     /usr/lib/x86_64-linux-gnu/libX11.so.6
0x00007fe17e59c530  0x00007fe17e59e756  Yes (*)     /usr/lib/x86_64-linux-gnu/libXfixes.so.3
0x00007fe17e380780  0x00007fe17e38cbc3  Yes (*)     /usr/lib/x86_64-linux-gnu/libatk-1.0.so.0
0x00007fe17e073c40  0x00007fe17e135897  Yes (*)     /usr/lib/x86_64-linux-gnu/libcairo.so.2
0x00007fe17de460b0  0x00007fe17de589f9  Yes (*)     /usr/lib/x86_64-linux-gnu/libgdk_pixbuf-2.0.so.0
0x00007fe17daed880  0x00007fe17dbc0e9b  Yes (*)     /usr/lib/x86_64-linux-gnu/libgio-2.0.so.0
0x00007fe17d8a91f0  0x00007fe17d8b187d  Yes (*)     /usr/lib/x86_64-linux-gnu/libpangoft2-1.0.so.0
0x00007fe17d662ff0  0x00007fe17d682396  Yes (*)     /usr/lib/x86_64-linux-gnu/libpango-1.0.so.0
0x00007fe17d419d60  0x00007fe17d43902a  Yes (*)     /usr/lib/x86_64-linux-gnu/libfontconfig.so.1
0x00007fe17d20c7f0  0x00007fe17d21109c  Yes (*)     /usr/lib/x86_64-linux-gnu/libffi.so.6
0x00007fe17cf9c530  0x00007fe17cfeb623  Yes (*)     /lib/x86_64-linux-gnu/libpcre.so.3
0x00007fe17ccc5aa0  0x00007fe17cd55b02  Yes (*)     /usr/lib/x86_64-linux-gnu/libasound.so.2
0x00007fe17ca56b20  0x00007fe17ca83b59  Yes (*)     /usr/lib/x86_64-linux-gnu/libpulse.so.0
0x00007fe17c83dbe0  0x00007fe17c844347  Yes (*)     /usr/lib/x86_64-linux-gnu/libsndio.so.6.1
0x00007fe17c62c590  0x00007fe17c63639f  Yes (*)     /usr/lib/x86_64-linux-gnu/libXext.so.6
0x00007fe17c4213e0  0x00007fe17c425fd7  Yes (*)     /usr/lib/x86_64-linux-gnu/libXcursor.so.1
0x00007fe17c21caf0  0x00007fe17c21d3ec  Yes (*)     /usr/lib/x86_64-linux-gnu/libXinerama.so.1
0x00007fe17c00e1a0  0x00007fe17c0186f7  Yes (*)     /usr/lib/x86_64-linux-gnu/libXi.so.6
0x00007fe17be02c70  0x00007fe17be08a82  Yes (*)     /usr/lib/x86_64-linux-gnu/libXrandr.so.2
0x00007fe17bbfdcd0  0x00007fe17bbfea8c  Yes (*)     /usr/lib/x86_64-linux-gnu/libXss.so.1
0x00007fe17b9f7fc0  0x00007fe17b9fa8c8  Yes (*)     /usr/lib/x86_64-linux-gnu/libXxf86vm.so.1
0x00007fe17b7f56a0  0x00007fe17b7f58d6  Yes (*)     /usr/lib/x86_64-linux-gnu/libwayland-egl.so.1
0x00007fe17b5eb180  0x00007fe17b5ef9ff  Yes (*)     /usr/lib/x86_64-linux-gnu/libwayland-client.so.0
0x00007fe17b3df200  0x00007fe17b3e0d71  Yes (*)     /usr/lib/x86_64-linux-gnu/libwayland-cursor.so.0
0x00007fe17b1a2e70  0x00007fe17b1bd895  Yes (*)     /usr/lib/x86_64-linux-gnu/libxkbcommon.so.0
0x00007fe181da4ac0  0x00007fe181dc2850  Yes         /lib64/ld-linux-x86-64.so.2
0x00007fe17af96ad0  0x00007fe17af9c9e5  Yes (*)     /usr/lib/x86_64-linux-gnu/libXrender.so.1
0x00007fe17ad92c40  0x00007fe17ad93618  Yes (*)     /usr/lib/x86_64-linux-gnu/libXcomposite.so.1
0x00007fe17ab8fb90  0x00007fe17ab9049b  Yes (*)     /usr/lib/x86_64-linux-gnu/libXdamage.so.1
0x00007fe17a8f2c60  0x00007fe17a962292  Yes (*)     /usr/lib/x86_64-linux-gnu/libfreetype.so.6
0x00007fe17a6cc6b0  0x00007fe17a6db1a5  Yes (*)     /usr/lib/x86_64-linux-gnu/libxcb.so.1
0x00007fe17a424be0  0x00007fe17a4a9b30  Yes (*)     /usr/lib/x86_64-linux-gnu/libpixman-1.so.0
0x00007fe17a1f9a70  0x00007fe17a212373  Yes (*)     /lib/x86_64-linux-gnu/libpng12.so.0
0x00007fe179ff2db0  0x00007fe179ff38c3  Yes (*)     /usr/lib/x86_64-linux-gnu/libxcb-shm.so.0
0x00007fe179deb460  0x00007fe179dee8da  Yes (*)     /usr/lib/x86_64-linux-gnu/libxcb-render.so.0
0x00007fe179bcbab0  0x00007fe179bde29b  Yes (*)     /lib/x86_64-linux-gnu/libselinux.so.1
0x00007fe1799ae950  0x00007fe1799be2b8  Yes         /lib/x86_64-linux-gnu/libresolv.so.2
0x00007fe179753650  0x00007fe17978e519  Yes (*)     /usr/lib/x86_64-linux-gnu/libharfbuzz.so.0
0x00007fe179545b90  0x00007fe179549455  Yes (*)     /usr/lib/x86_64-linux-gnu/libthai.so.0
0x00007fe17931eb00  0x00007fe179336c39  Yes (*)     /lib/x86_64-linux-gnu/libexpat.so.1
0x00007fe179112800  0x00007fe179117612  Yes (*)     /lib/x86_64-linux-gnu/libjson-c.so.2
0x00007fe178ea6e70  0x00007fe178ee9899  Yes (*)     /usr/lib/x86_64-linux-gnu/pulseaudio/libpulsecommon-8.0.so
0x00007fe178c53460  0x00007fe178c7e1e4  Yes (*)     /lib/x86_64-linux-gnu/libdbus-1.so.3
0x00007fe178a37400  0x00007fe178a4461f  Yes (*)     /lib/x86_64-linux-gnu/libbsd.so.0
0x00007fe178830e50  0x00007fe178831acc  Yes (*)     /usr/lib/x86_64-linux-gnu/libXau.so.6
0x00007fe17862b1d0  0x00007fe17862cb38  Yes (*)     /usr/lib/x86_64-linux-gnu/libXdmcp.so.6
0x00007fe178406490  0x00007fe178422065  Yes (*)     /usr/lib/x86_64-linux-gnu/libgraphite2.so.3
0x00007fe1781fd130  0x00007fe1782005bd  Yes (*)     /usr/lib/x86_64-linux-gnu/libdatrie.so.1
0x00007fe181ef5810  0x00007fe181f4cb4f  Yes (*)     /lib/x86_64-linux-gnu/libsystemd.so.0
0x00007fe177ff4d70  0x00007fe177ff8798  Yes (*)     /lib/x86_64-linux-gnu/libwrap.so.0
0x00007fe177d8f0d0  0x00007fe177dd154c  Yes (*)     /usr/lib/x86_64-linux-gnu/libsndfile.so.1
0x00007fe177b84300  0x00007fe177b86988  Yes (*)     /usr/lib/x86_64-linux-gnu/libasyncns.so.0
0x00007fe1779630d0  0x00007fe17797724d  Yes (*)     /lib/x86_64-linux-gnu/liblzma.so.5
0x00007fe177688d00  0x00007fe177729448  Yes (*)     /lib/x86_64-linux-gnu/libgcrypt.so.20
0x00007fe17746aff0  0x00007fe1774781e1  Yes         /lib/x86_64-linux-gnu/libnsl.so.1
0x00007fe1771fa420  0x00007fe17725bcfd  Yes (*)     /usr/lib/x86_64-linux-gnu/libFLAC.so.8
0x00007fe176f5ca60  0x00007fe176f5f1a7  Yes (*)     /usr/lib/x86_64-linux-gnu/libvorbisenc.so.2
0x00007fe176d378d0  0x00007fe176d40db9  Yes (*)     /lib/x86_64-linux-gnu/libgpg-error.so.0
0x00007fe176b2da70  0x00007fe176b31c05  Yes (*)     /usr/lib/x86_64-linux-gnu/libogg.so.0
0x00007fe176903d90  0x00007fe176919b3d  Yes (*)     /usr/lib/x86_64-linux-gnu/libvorbis.so.0
0x00007fe1764191b0  0x00007fe17641f2a1  Yes         /lib/x86_64-linux-gnu/libnss_files.so.2
0x00007fe181ebf720  0x00007fe181ed0e9a  Yes (*)     /lib/x86_64-linux-gnu/libudev.so.1
0x00007fe1759b0ee0  0x00007fe1759f2825  Yes (*)     /usr/lib/x86_64-linux-gnu/libopenal.so
0x00007fe174f4ae80  0x00007fe174f89892  Yes (*)     /usr/lib/x86_64-linux-gnu/mesa/libGL.so.1
0x00007fe174d2fd00  0x00007fe174d304a3  Yes (*)     /usr/lib/x86_64-linux-gnu/libxcb-dri3.so.0
0x00007fe174b2cc00  0x00007fe174b2d3d8  Yes (*)     /usr/lib/x86_64-linux-gnu/libxcb-present.so.0
0x00007fe174926ed0  0x00007fe174928e39  Yes (*)     /usr/lib/x86_64-linux-gnu/libxcb-sync.so.1
0x00007fe174722990  0x00007fe174722c7c  Yes (*)     /usr/lib/x86_64-linux-gnu/libxshmfence.so.1
0x00007fe1744fc7a0  0x00007fe174507e73  Yes (*)     /usr/lib/x86_64-linux-gnu/libglapi.so.0
0x00007fe1742f05e0  0x00007fe1742f06fb  Yes (*)     /usr/lib/x86_64-linux-gnu/libX11-xcb.so.1
0x00007fe1740e0fe0  0x00007fe1740e8b75  Yes (*)     /usr/lib/x86_64-linux-gnu/libxcb-glx.so.0
0x00007fe173ed3890  0x00007fe173ed49b5  Yes (*)     /usr/lib/x86_64-linux-gnu/libxcb-dri2.so.0
0x00007fe173cc49a0  0x00007fe173ccd3a0  Yes (*)     /usr/lib/x86_64-linux-gnu/libdrm.so.2
0x00007fe1690d6050  0x00007fe16addbaff  Yes (*)     /usr/lib/x86_64-linux-gnu/libLLVM-5.0.so.1
0x00007fe1721df9b0  0x00007fe1721f84e0  Yes (*)     /usr/lib/x86_64-linux-gnu/libedit.so.2
0x00007fe171fb8870  0x00007fe171fc4868  Yes (*)     /lib/x86_64-linux-gnu/libtinfo.so.5
0x00007fe170571bf0  0x00007fe1705a43c8  Yes (*)     /usr/lib/x86_64-linux-gnu/libtxc_dxtn.so
(*): Shared library is missing debugging information.

* Threads
  Id   Target Id         Frame 
* 1    Thread 0x7fe181edda40 (LWP 4653) "vizdoom" 0x00007fe180cd5f7b in __waitpid (pid=4672, stat_loc=0xbeacac, options=0) at ../sysdeps/unix/sysv/linux/waitpid.c:29
  2    Thread 0x7fe176416700 (LWP 4654) "SDLTimer" 0x00007fe180cd4827 in futex_abstimed_wait_cancelable (private=0, abstime=0x0, expected=0, futex_word=0x24ed660) at ../sysdeps/unix/sysv/linux/futex-internal.h:205

* FPU Status
  R7: Empty   0x00000000000000000000
  R6: Empty   0x00000000000000000000
  R5: Empty   0x00000000000000000000
  R4: Empty   0x00000000000000000000
  R3: Empty   0x00000000000000000000
  R2: Empty   0x00000000000000000000
  R1: Empty   0x00000000000000000000
=>R0: Empty   0x00000000000000000000

Status Word:         0x0000                                            
                       TOP: 0
Control Word:        0x027f   IM DM ZM OM UM PM
                       PC: Double Precision (53-bits)
                       RC: Round to nearest
Tag Word:            0xffff
Instruction Pointer: 0x00:0x00000000
Operand Pointer:     0x00:0x00000000
Opcode:              0x0000

* Registers
rax            0xfffffffffffffe00	-512
rbx            0x1240	4672
rcx            0x7fe180cd5f7b	140606505312123
rdx            0x0	0
rsi            0xbeacac	12496044
rdi            0x1240	4672
rbp            0xbeacac	0xbeacac
rsp            0xbeac70	0xbeac70
r8             0x0	0
r9             0x7fe181edda40	140606524217920
r10            0x0	0
r11            0x246	582
r12            0x0	0
r13            0x1090	4240
r14            0xbe8180	12484992
r15            0xd	13
rip            0x7fe180cd5f7b	0x7fe180cd5f7b <__waitpid+107>
eflags         0x246	[ PF ZF IF ]
cs             0x33	51
ss             0x2b	43
ds             0x0	0
es             0x0	0
fs             0x0	0
gs             0x0	0

* Backtrace

Thread 2 (Thread 0x7fe176416700 (LWP 4654)):
#0  0x00007fe180cd4827 in futex_abstimed_wait_cancelable (private=0, abstime=0x0, expected=0, futex_word=0x24ed660) at ../sysdeps/unix/sysv/linux/futex-internal.h:205
        __ret = -512
        oldtype = 2
        err = <optimized out>
#1  do_futex_wait (sem=sem@entry=0x24ed660, abstime=0x0) at sem_waitcommon.c:111
No locals.
#2  0x00007fe180cd48d4 in __new_sem_wait_slow (sem=0x24ed660, abstime=0x0) at sem_waitcommon.c:181
        _buffer = {__routine = 0x7fe180cd47e0 <__sem_wait_cleanup>, __arg = 0x24ed660, __canceltype = 0, __prev = 0x0}
        err = <optimized out>
        d = 0
#3  0x00007fe180cd497a in __new_sem_wait (sem=<optimized out>) at sem_wait.c:29
No locals.
#4  0x00007fe180fab6ce in ?? () from /usr/lib/x86_64-linux-gnu/libSDL2-2.0.so.0
No symbol table info available.
#5  0x00007fe180fab825 in ?? () from /usr/lib/x86_64-linux-gnu/libSDL2-2.0.so.0
No symbol table info available.
#6  0x00007fe180f5d503 in ?? () from /usr/lib/x86_64-linux-gnu/libSDL2-2.0.so.0
No symbol table info available.
#7  0x00007fe180f5d09c in ?? () from /usr/lib/x86_64-linux-gnu/libSDL2-2.0.so.0
No symbol table info available.
#8  0x00007fe180fab399 in ?? () from /usr/lib/x86_64-linux-gnu/libSDL2-2.0.so.0
No symbol table info available.
#9  0x00007fe180ccc6ba in start_thread (arg=0x7fe176416700) at pthread_create.c:333
        __res = <optimized out>
        pd = 0x7fe176416700
        now = <optimized out>
        unwind_buf = {cancel_jmp_buf = {{jmp_buf = {140606328366848, 7924327371458481047, 0, 140731754642063, 140606328367552, 140731754642720, -7909955641019462761, -7909486033265620073}, mask_was_saved = 0}}, priv = {pad = {0x0, 0x0, 0x0, 0x0}, data = {prev = 0x0, cleanup = 0x0, canceltype = 0}}}
        not_first_call = <optimized out>
        pagesize_m1 = <optimized out>
        sp = <optimized out>
        freesize = <optimized out>
        __PRETTY_FUNCTION__ = "start_thread"
#10 0x00007fe17f2a841d in clone () at ../sysdeps/unix/sysv/linux/x86_64/clone.S:109
No locals.

Thread 1 (Thread 0x7fe181edda40 (LWP 4653)):
#0  0x00007fe180cd5f7b in __waitpid (pid=4672, stat_loc=0xbeacac, options=0) at ../sysdeps/unix/sysv/linux/waitpid.c:29
        resultvar = 18446744073709551104
        sc_cancel_oldtype = 0
#1  0x000000000051ca74 in ?? ()
No symbol table info available.
#2  <signal handler called>
No locals.
#3  0x00000000005231dd in SDLFB::UpdateColors() ()
No symbol table info available.
#4  0x0000000000524861 in SDLFB::SDLFB(int, int, bool, SDL_Window*) ()
No symbol table info available.
#5  0x0000000000524b74 in SDLVideo::CreateFrameBuffer(int, int, bool, DFrameBuffer*) ()
No symbol table info available.
#6  0x00000000006cdeae in V_DoModeSetup(int, int, int) ()
No symbol table info available.
#7  0x00000000006ce2ce in V_Init2() ()
No symbol table info available.
#8  0x000000000055728a in D_DoomMain() ()
No symbol table info available.
#9  0x0000000000504398 in main ()
No symbol table info available.
